#! /opt/homebrew/Cellar/icarus-verilog/13.0/bin/vvp
:ivl_version "13.0 (stable)" "(v13_0)";
:ivl_delay_selection "TYPICAL";
:vpi_time_precision - 12;
:vpi_module "/opt/homebrew/Cellar/icarus-verilog/13.0/lib/ivl/system.vpi";
:vpi_module "/opt/homebrew/Cellar/icarus-verilog/13.0/lib/ivl/vhdl_sys.vpi";
:vpi_module "/opt/homebrew/Cellar/icarus-verilog/13.0/lib/ivl/vhdl_textio.vpi";
:vpi_module "/opt/homebrew/Cellar/icarus-verilog/13.0/lib/ivl/v2005_math.vpi";
:vpi_module "/opt/homebrew/Cellar/icarus-verilog/13.0/lib/ivl/va_math.vpi";
S_0x142f057c0 .scope module, "lock_tb" "lock_tb" 2 3;
 .timescale -9 -12;
v0x600002b18870_0 .var "btn", 2 0;
v0x600002b18900_0 .var "clk", 0 0;
v0x600002b18990_0 .net "led_error", 0 0, L_0x6000028183c0;  1 drivers
v0x600002b18a20_0 .net "led_open", 0 0, L_0x600002818320;  1 drivers
v0x600002b18ab0_0 .var "rst", 0 0;
S_0x142f05930 .scope module, "uut" "lock" 2 10, 3 1 0, S_0x142f057c0;
 .timescale 0 0;
    .port_info 0 /INPUT 1 "clk";
    .port_info 1 /INPUT 1 "rst";
    .port_info 2 /INPUT 3 "btn";
    .port_info 3 /OUTPUT 1 "led_open";
    .port_info 4 /OUTPUT 1 "led_error";
P_0x142f07790 .param/l "STATE_ERROR" 1 3 12, C4<100>;
P_0x142f077d0 .param/l "STATE_IDLE" 1 3 8, C4<000>;
P_0x142f07810 .param/l "STATE_NUM1" 1 3 9, C4<001>;
P_0x142f07850 .param/l "STATE_NUM3" 1 3 10, C4<010>;
P_0x142f07890 .param/l "STATE_OPEN" 1 3 11, C4<011>;
L_0x148060010 .functor BUFT 1, C4<011>, C4<0>, C4<0>, C4<0>;
v0x600002b18360_0 .net/2u *"_ivl_0", 2 0, L_0x148060010;  1 drivers
L_0x148060058 .functor BUFT 1, C4<100>, C4<0>, C4<0>, C4<0>;
v0x600002b183f0_0 .net/2u *"_ivl_4", 2 0, L_0x148060058;  1 drivers
v0x600002b18480_0 .net "btn", 2 0, v0x600002b18870_0;  1 drivers
v0x600002b18510_0 .net "clk", 0 0, v0x600002b18900_0;  1 drivers
v0x600002b185a0_0 .var "current_state", 2 0;
v0x600002b18630_0 .net "led_error", 0 0, L_0x6000028183c0;  alias, 1 drivers
v0x600002b186c0_0 .net "led_open", 0 0, L_0x600002818320;  alias, 1 drivers
v0x600002b18750_0 .var "next_state", 2 0;
v0x600002b187e0_0 .net "rst", 0 0, v0x600002b18ab0_0;  1 drivers
E_0x600000c124c0 .event anyedge, v0x600002b185a0_0, v0x600002b18480_0;
E_0x600000c12500 .event posedge, v0x600002b187e0_0, v0x600002b18510_0;
L_0x600002818320 .cmp/eq 3, v0x600002b185a0_0, L_0x148060010;
L_0x6000028183c0 .cmp/eq 3, v0x600002b185a0_0, L_0x148060058;
    .scope S_0x142f05930;
T_0 ;
    %wait E_0x600000c12500;
    %load/vec4 v0x600002b187e0_0;
    %flag_set/vec4 8;
    %jmp/0xz  T_0.0, 8;
    %pushi/vec4 0, 0, 3;
    %assign/vec4 v0x600002b185a0_0, 0;
    %jmp T_0.1;
T_0.0 ;
    %load/vec4 v0x600002b18750_0;
    %assign/vec4 v0x600002b185a0_0, 0;
T_0.1 ;
    %jmp T_0;
    .thread T_0;
    .scope S_0x142f05930;
T_1 ;
    %wait E_0x600000c124c0;
    %load/vec4 v0x600002b185a0_0;
    %store/vec4 v0x600002b18750_0, 0, 3;
    %load/vec4 v0x600002b185a0_0;
    %dup/vec4;
    %pushi/vec4 0, 0, 3;
    %cmp/u;
    %jmp/1 T_1.0, 6;
    %dup/vec4;
    %pushi/vec4 1, 0, 3;
    %cmp/u;
    %jmp/1 T_1.1, 6;
    %dup/vec4;
    %pushi/vec4 2, 0, 3;
    %cmp/u;
    %jmp/1 T_1.2, 6;
    %dup/vec4;
    %pushi/vec4 3, 0, 3;
    %cmp/u;
    %jmp/1 T_1.3, 6;
    %dup/vec4;
    %pushi/vec4 4, 0, 3;
    %cmp/u;
    %jmp/1 T_1.4, 6;
    %pushi/vec4 0, 0, 3;
    %store/vec4 v0x600002b18750_0, 0, 3;
    %jmp T_1.6;
T_1.0 ;
    %load/vec4 v0x600002b18480_0;
    %parti/s 1, 0, 2;
    %flag_set/vec4 8;
    %jmp/0xz  T_1.7, 8;
    %pushi/vec4 1, 0, 3;
    %store/vec4 v0x600002b18750_0, 0, 3;
    %jmp T_1.8;
T_1.7 ;
    %load/vec4 v0x600002b18480_0;
    %parti/s 1, 1, 2;
    %flag_set/vec4 8;
    %jmp/1 T_1.11, 8;
    %load/vec4 v0x600002b18480_0;
    %parti/s 1, 2, 3;
    %flag_set/vec4 9;
    %flag_or 8, 9;
T_1.11;
    %jmp/0xz  T_1.9, 8;
    %pushi/vec4 4, 0, 3;
    %store/vec4 v0x600002b18750_0, 0, 3;
T_1.9 ;
T_1.8 ;
    %jmp T_1.6;
T_1.1 ;
    %load/vec4 v0x600002b18480_0;
    %parti/s 1, 1, 2;
    %flag_set/vec4 8;
    %jmp/0xz  T_1.12, 8;
    %pushi/vec4 2, 0, 3;
    %store/vec4 v0x600002b18750_0, 0, 3;
    %jmp T_1.13;
T_1.12 ;
    %load/vec4 v0x600002b18480_0;
    %parti/s 1, 0, 2;
    %flag_set/vec4 8;
    %jmp/1 T_1.16, 8;
    %load/vec4 v0x600002b18480_0;
    %parti/s 1, 2, 3;
    %flag_set/vec4 9;
    %flag_or 8, 9;
T_1.16;
    %jmp/0xz  T_1.14, 8;
    %pushi/vec4 4, 0, 3;
    %store/vec4 v0x600002b18750_0, 0, 3;
T_1.14 ;
T_1.13 ;
    %jmp T_1.6;
T_1.2 ;
    %load/vec4 v0x600002b18480_0;
    %parti/s 1, 2, 3;
    %flag_set/vec4 8;
    %jmp/0xz  T_1.17, 8;
    %pushi/vec4 3, 0, 3;
    %store/vec4 v0x600002b18750_0, 0, 3;
    %jmp T_1.18;
T_1.17 ;
    %load/vec4 v0x600002b18480_0;
    %parti/s 1, 0, 2;
    %flag_set/vec4 8;
    %jmp/1 T_1.21, 8;
    %load/vec4 v0x600002b18480_0;
    %parti/s 1, 1, 2;
    %flag_set/vec4 9;
    %flag_or 8, 9;
T_1.21;
    %jmp/0xz  T_1.19, 8;
    %pushi/vec4 4, 0, 3;
    %store/vec4 v0x600002b18750_0, 0, 3;
T_1.19 ;
T_1.18 ;
    %jmp T_1.6;
T_1.3 ;
    %pushi/vec4 3, 0, 3;
    %store/vec4 v0x600002b18750_0, 0, 3;
    %jmp T_1.6;
T_1.4 ;
    %pushi/vec4 4, 0, 3;
    %store/vec4 v0x600002b18750_0, 0, 3;
    %jmp T_1.6;
T_1.6 ;
    %pop/vec4 1;
    %jmp T_1;
    .thread T_1, $push;
    .scope S_0x142f057c0;
T_2 ;
    %pushi/vec4 0, 0, 1;
    %store/vec4 v0x600002b18900_0, 0, 1;
    %end;
    .thread T_2;
    .scope S_0x142f057c0;
T_3 ;
    %delay 5000, 0;
    %load/vec4 v0x600002b18900_0;
    %inv;
    %store/vec4 v0x600002b18900_0, 0, 1;
    %jmp T_3;
    .thread T_3;
    .scope S_0x142f057c0;
T_4 ;
    %vpi_call 2 23 "$dumpfile", "lock_tb.vcd" {0 0 0};
    %vpi_call 2 24 "$dumpvars", 32'sb00000000000000000000000000000000, S_0x142f057c0 {0 0 0};
    %pushi/vec4 1, 0, 1;
    %store/vec4 v0x600002b18ab0_0, 0, 1;
    %delay 15000, 0;
    %pushi/vec4 0, 0, 1;
    %store/vec4 v0x600002b18ab0_0, 0, 1;
    %pushi/vec4 0, 0, 3;
    %store/vec4 v0x600002b18870_0, 0, 3;
    %delay 10000, 0;
    %pushi/vec4 1, 0, 3;
    %store/vec4 v0x600002b18870_0, 0, 3;
    %delay 10000, 0;
    %pushi/vec4 0, 0, 3;
    %store/vec4 v0x600002b18870_0, 0, 3;
    %delay 10000, 0;
    %pushi/vec4 2, 0, 3;
    %store/vec4 v0x600002b18870_0, 0, 3;
    %delay 10000, 0;
    %pushi/vec4 0, 0, 3;
    %store/vec4 v0x600002b18870_0, 0, 3;
    %delay 10000, 0;
    %pushi/vec4 4, 0, 3;
    %store/vec4 v0x600002b18870_0, 0, 3;
    %delay 10000, 0;
    %pushi/vec4 0, 0, 3;
    %store/vec4 v0x600002b18870_0, 0, 3;
    %delay 20000, 0;
    %pushi/vec4 1, 0, 1;
    %store/vec4 v0x600002b18ab0_0, 0, 1;
    %delay 15000, 0;
    %pushi/vec4 0, 0, 1;
    %store/vec4 v0x600002b18ab0_0, 0, 1;
    %pushi/vec4 0, 0, 3;
    %store/vec4 v0x600002b18870_0, 0, 3;
    %delay 10000, 0;
    %pushi/vec4 1, 0, 3;
    %store/vec4 v0x600002b18870_0, 0, 3;
    %delay 10000, 0;
    %pushi/vec4 0, 0, 3;
    %store/vec4 v0x600002b18870_0, 0, 3;
    %delay 10000, 0;
    %pushi/vec4 1, 0, 3;
    %store/vec4 v0x600002b18870_0, 0, 3;
    %delay 10000, 0;
    %pushi/vec4 0, 0, 3;
    %store/vec4 v0x600002b18870_0, 0, 3;
    %delay 20000, 0;
    %delay 50000, 0;
    %vpi_call 2 66 "$finish" {0 0 0};
    %end;
    .thread T_4;
# The file index is used to find the file name in the following table.
:file_names 4;
    "N/A";
    "<interactive>";
    "lock_tb.v";
    "lock.v";
